[ 2018-06-24T08:54:15+08:00 ] 112.253.25.52 /index.php/Wx/index/defineditem
INFO: [ app_init ] --START--
INFO: Run Behavior\BuildLiteBehavior [ RunTime:0.000015s ]
INFO: [ app_init ] --END-- [ RunTime:0.000290s ]
INFO: [ app_begin ] --START--
INFO: Run Behavior\ReadHtmlCacheBehavior [ RunTime:0.000402s ]
INFO: [ app_begin ] --END-- [ RunTime:0.000441s ]
NOTIC: [8] Undefined index: access_token /home/wwwroot/wx/Application/Wx/Controller/IndexController.class.php 第 97 行.
INFO: [ app_end ] --START--
INFO: Run Behavior\ShowPageTraceBehavior [ RunTime:0.001194s ]
INFO: [ app_end ] --END-- [ RunTime:0.001262s ]

[ 2018-06-24T09:35:36+08:00 ] 112.253.25.52 /index.php/Wx/index/defineditem
INFO: [ app_init ] --START--
INFO: Run Behavior\BuildLiteBehavior [ RunTime:0.000018s ]
INFO: [ app_init ] --END-- [ RunTime:0.000372s ]
INFO: [ app_begin ] --START--
INFO: Run Behavior\ReadHtmlCacheBehavior [ RunTime:0.000510s ]
INFO: [ app_begin ] --END-- [ RunTime:0.000570s ]

[ 2018-06-24T09:36:04+08:00 ] 112.253.25.52 /index.php/Wx/index/defineditem
INFO: [ app_init ] --START--
INFO: Run Behavior\BuildLiteBehavior [ RunTime:0.000016s ]
INFO: [ app_init ] --END-- [ RunTime:0.000331s ]
INFO: [ app_begin ] --START--
INFO: Run Behavior\ReadHtmlCacheBehavior [ RunTime:0.000389s ]
INFO: [ app_begin ] --END-- [ RunTime:0.000446s ]
INFO: [ app_end ] --START--
INFO: Run Behavior\ShowPageTraceBehavior [ RunTime:0.000755s ]
INFO: [ app_end ] --END-- [ RunTime:0.000847s ]

[ 2018-06-24T09:36:36+08:00 ] 112.253.25.52 /index.php/Wx/index/defineditem
INFO: [ app_init ] --START--
INFO: Run Behavior\BuildLiteBehavior [ RunTime:0.000020s ]
INFO: [ app_init ] --END-- [ RunTime:0.000302s ]
INFO: [ app_begin ] --START--
INFO: Run Behavior\ReadHtmlCacheBehavior [ RunTime:0.000412s ]
INFO: [ app_begin ] --END-- [ RunTime:0.000466s ]
INFO: [ app_end ] --START--
INFO: Run Behavior\ShowPageTraceBehavior [ RunTime:0.000540s ]
INFO: [ app_end ] --END-- [ RunTime:0.000604s ]

[ 2018-06-24T09:40:13+08:00 ] 182.254.86.145 /index.php/wx?signature=bbac130c0db4c13ac8336c62e2264db9ad7fcde4&timestamp=1529804413&nonce=1503130730&openid=o4g6-0VC0xbw5CnvWR2RGZtJg8ME
INFO: [ app_init ] --START--
INFO: Run Behavior\BuildLiteBehavior [ RunTime:0.000013s ]
INFO: [ app_init ] --END-- [ RunTime:0.000256s ]
INFO: [ app_begin ] --START--
INFO: Run Behavior\ReadHtmlCacheBehavior [ RunTime:0.000313s ]
INFO: [ app_begin ] --END-- [ RunTime:0.000352s ]
NOTIC: [8] Undefined index: echostr /home/wwwroot/wx/Application/Wx/Controller/IndexController.class.php 第 10 行.
INFO: [ app_end ] --START--
INFO: Run Behavior\ShowPageTraceBehavior [ RunTime:0.000881s ]
INFO: [ app_end ] --END-- [ RunTime:0.000990s ]

[ 2018-06-24T09:40:16+08:00 ] 182.254.86.152 /index.php/wx?signature=9698ba81d98bb27d2733a398a9f25c3fa339dcb2&timestamp=1529804416&nonce=604696925&openid=o4g6-0VC0xbw5CnvWR2RGZtJg8ME
INFO: [ app_init ] --START--
INFO: Run Behavior\BuildLiteBehavior [ RunTime:0.000015s ]
INFO: [ app_init ] --END-- [ RunTime:0.000400s ]
INFO: [ app_begin ] --START--
INFO: Run Behavior\ReadHtmlCacheBehavior [ RunTime:0.000443s ]
INFO: [ app_begin ] --END-- [ RunTime:0.000495s ]
NOTIC: [8] Undefined index: echostr /home/wwwroot/wx/Application/Wx/Controller/IndexController.class.php 第 10 行.
INFO: [ app_end ] --START--
INFO: Run Behavior\ShowPageTraceBehavior [ RunTime:0.000481s ]
INFO: [ app_end ] --END-- [ RunTime:0.000531s ]

[ 2018-06-24T09:42:13+08:00 ] 182.254.86.151 /index.php/wx?signature=cdea11883fc29c2be2c0f5478ffba5fab2ed3162&timestamp=1529804533&nonce=1481554596&openid=o4g6-0VC0xbw5CnvWR2RGZtJg8ME
INFO: [ app_init ] --START--
INFO: Run Behavior\BuildLiteBehavior [ RunTime:0.000014s ]
INFO: [ app_init ] --END-- [ RunTime:0.000262s ]
INFO: [ app_begin ] --START--
INFO: Run Behavior\ReadHtmlCacheBehavior [ RunTime:0.000388s ]
INFO: [ app_begin ] --END-- [ RunTime:0.000428s ]
NOTIC: [8] Undefined index: echostr /home/wwwroot/wx/Application/Wx/Controller/IndexController.class.php 第 10 行.
INFO: [ app_end ] --START--
INFO: Run Behavior\ShowPageTraceBehavior [ RunTime:0.000376s ]
INFO: [ app_end ] --END-- [ RunTime:0.000414s ]

[ 2018-06-24T09:42:14+08:00 ] 182.254.86.157 /index.php/wx?signature=a4b19be2ec90689e5a26ba733aa4723f1b21b02a&timestamp=1529804534&nonce=207288525&openid=o4g6-0VC0xbw5CnvWR2RGZtJg8ME
INFO: [ app_init ] --START--
INFO: Run Behavior\BuildLiteBehavior [ RunTime:0.000012s ]
INFO: [ app_init ] --END-- [ RunTime:0.000254s ]
INFO: [ app_begin ] --START--
INFO: Run Behavior\ReadHtmlCacheBehavior [ RunTime:0.000316s ]
INFO: [ app_begin ] --END-- [ RunTime:0.000353s ]
NOTIC: [8] Undefined index: echostr /home/wwwroot/wx/Application/Wx/Controller/IndexController.class.php 第 10 行.
INFO: [ app_end ] --START--
INFO: Run Behavior\ShowPageTraceBehavior [ RunTime:0.000341s ]
INFO: [ app_end ] --END-- [ RunTime:0.000378s ]

[ 2018-06-24T09:42:14+08:00 ] 182.254.86.152 /index.php/wx?signature=ff96f09abf606ce2f0231c01299bd5137800e4d4&timestamp=1529804534&nonce=2115515951&openid=o4g6-0VC0xbw5CnvWR2RGZtJg8ME
INFO: [ app_init ] --START--
INFO: Run Behavior\BuildLiteBehavior [ RunTime:0.000013s ]
INFO: [ app_init ] --END-- [ RunTime:0.000263s ]
INFO: [ app_begin ] --START--
INFO: Run Behavior\ReadHtmlCacheBehavior [ RunTime:0.000370s ]
INFO: [ app_begin ] --END-- [ RunTime:0.000410s ]
NOTIC: [8] Undefined index: echostr /home/wwwroot/wx/Application/Wx/Controller/IndexController.class.php 第 10 行.
INFO: [ app_end ] --START--
INFO: Run Behavior\ShowPageTraceBehavior [ RunTime:0.000420s ]
INFO: [ app_end ] --END-- [ RunTime:0.000462s ]

[ 2018-06-24T09:42:15+08:00 ] 182.254.86.152 /index.php/wx?signature=408287451bd9f9f63f8d1c38714fa1f7a1e9ce17&timestamp=1529804535&nonce=1192890568&openid=o4g6-0VC0xbw5CnvWR2RGZtJg8ME
INFO: [ app_init ] --START--
INFO: Run Behavior\BuildLiteBehavior [ RunTime:0.000012s ]
INFO: [ app_init ] --END-- [ RunTime:0.000266s ]
INFO: [ app_begin ] --START--
INFO: Run Behavior\ReadHtmlCacheBehavior [ RunTime:0.000352s ]
INFO: [ app_begin ] --END-- [ RunTime:0.000394s ]
NOTIC: [8] Undefined index: echostr /home/wwwroot/wx/Application/Wx/Controller/IndexController.class.php 第 10 行.
INFO: [ app_end ] --START--
INFO: Run Behavior\ShowPageTraceBehavior [ RunTime:0.000398s ]
INFO: [ app_end ] --END-- [ RunTime:0.000442s ]

[ 2018-06-24T09:42:16+08:00 ] 182.254.86.147 /index.php/wx?signature=a49fa5aa0469e21a743c3c0a9b44d3a048ecb2db&timestamp=1529804536&nonce=170445072&openid=o4g6-0VC0xbw5CnvWR2RGZtJg8ME
INFO: [ app_init ] --START--
INFO: Run Behavior\BuildLiteBehavior [ RunTime:0.000017s ]
INFO: [ app_init ] --END-- [ RunTime:0.000307s ]
INFO: [ app_begin ] --START--
INFO: Run Behavior\ReadHtmlCacheBehavior [ RunTime:0.000455s ]
INFO: [ app_begin ] --END-- [ RunTime:0.000494s ]
NOTIC: [8] Undefined index: echostr /home/wwwroot/wx/Application/Wx/Controller/IndexController.class.php 第 10 行.
INFO: [ app_end ] --START--
INFO: Run Behavior\ShowPageTraceBehavior [ RunTime:0.000393s ]
INFO: [ app_end ] --END-- [ RunTime:0.000434s ]

[ 2018-06-24T10:00:53+08:00 ] 182.254.86.152 /index.php/wx?signature=53d3e8188a3afb4d4960201c8ee7685dffc0b2a3&timestamp=1529805653&nonce=79903406&openid=o4g6-0VC0xbw5CnvWR2RGZtJg8ME
INFO: [ app_init ] --START--
INFO: Run Behavior\BuildLiteBehavior [ RunTime:0.000013s ]
INFO: [ app_init ] --END-- [ RunTime:0.000286s ]
INFO: [ app_begin ] --START--
INFO: Run Behavior\ReadHtmlCacheBehavior [ RunTime:0.000342s ]
INFO: [ app_begin ] --END-- [ RunTime:0.000383s ]
NOTIC: [8] Undefined index: echostr /home/wwwroot/wx/Application/Wx/Controller/IndexController.class.php 第 10 行.
INFO: [ app_end ] --START--
INFO: Run Behavior\ShowPageTraceBehavior [ RunTime:0.000408s ]
INFO: [ app_end ] --END-- [ RunTime:0.000447s ]

[ 2018-06-24T10:00:55+08:00 ] 182.254.86.143 /index.php/wx?signature=6c75c9190f4761a4260ff66cbab86692369da277&timestamp=1529805655&nonce=585423105&openid=o4g6-0VC0xbw5CnvWR2RGZtJg8ME
INFO: [ app_init ] --START--
INFO: Run Behavior\BuildLiteBehavior [ RunTime:0.000015s ]
INFO: [ app_init ] --END-- [ RunTime:0.000289s ]
INFO: [ app_begin ] --START--
INFO: Run Behavior\ReadHtmlCacheBehavior [ RunTime:0.000340s ]
INFO: [ app_begin ] --END-- [ RunTime:0.000386s ]
NOTIC: [8] Undefined index: echostr /home/wwwroot/wx/Application/Wx/Controller/IndexController.class.php 第 10 行.
NOTIC: [8] Undefined variable: content /home/wwwroot/wx/Application/Wx/Controller/IndexController.class.php 第 101 行.
INFO: [ app_end ] --START--
INFO: Run Behavior\ShowPageTraceBehavior [ RunTime:0.000364s ]
INFO: [ app_end ] --END-- [ RunTime:0.000404s ]

[ 2018-06-24T10:01:01+08:00 ] 182.254.86.142 /index.php/wx?signature=42545b0f12d71acc1883c66b8d1a5c7fff6bd983&timestamp=1529805661&nonce=1910089419&openid=o4g6-0VC0xbw5CnvWR2RGZtJg8ME
INFO: [ app_init ] --START--
INFO: Run Behavior\BuildLiteBehavior [ RunTime:0.000019s ]
INFO: [ app_init ] --END-- [ RunTime:0.000405s ]
INFO: [ app_begin ] --START--
INFO: Run Behavior\ReadHtmlCacheBehavior [ RunTime:0.000514s ]
INFO: [ app_begin ] --END-- [ RunTime:0.000631s ]
NOTIC: [8] Undefined index: echostr /home/wwwroot/wx/Application/Wx/Controller/IndexController.class.php 第 10 行.
NOTIC: [8] Undefined variable: content /home/wwwroot/wx/Application/Wx/Controller/IndexController.class.php 第 101 行.
INFO: [ app_end ] --START--
INFO: Run Behavior\ShowPageTraceBehavior [ RunTime:0.000558s ]
INFO: [ app_end ] --END-- [ RunTime:0.000611s ]

[ 2018-06-24T10:02:05+08:00 ] 182.254.86.142 /index.php/wx?signature=5cc719e97f7198c67cd75ca97c8a00902916e991&timestamp=1529805725&nonce=1756180513&openid=o4g6-0VC0xbw5CnvWR2RGZtJg8ME
INFO: [ app_init ] --START--
INFO: Run Behavior\BuildLiteBehavior [ RunTime:0.000016s ]
INFO: [ app_init ] --END-- [ RunTime:0.000337s ]
INFO: [ app_begin ] --START--
INFO: Run Behavior\ReadHtmlCacheBehavior [ RunTime:0.000469s ]
INFO: [ app_begin ] --END-- [ RunTime:0.000510s ]
NOTIC: [8] Undefined index: echostr /home/wwwroot/wx/Application/Wx/Controller/IndexController.class.php 第 10 行.
INFO: [ app_end ] --START--
INFO: Run Behavior\ShowPageTraceBehavior [ RunTime:0.000362s ]
INFO: [ app_end ] --END-- [ RunTime:0.000401s ]

[ 2018-06-24T14:52:02+08:00 ] 182.254.86.147 /index.php/wx?signature=a0ef3f2fe21073bee901f1b12894f2fc9cdfb011&timestamp=1529823122&nonce=255256669&openid=o4g6-0VC0xbw5CnvWR2RGZtJg8ME
INFO: [ app_init ] --START--
INFO: Run Behavior\BuildLiteBehavior [ RunTime:0.000019s ]
INFO: [ app_init ] --END-- [ RunTime:0.000398s ]
INFO: [ app_begin ] --START--
INFO: Run Behavior\ReadHtmlCacheBehavior [ RunTime:0.000528s ]
INFO: [ app_begin ] --END-- [ RunTime:0.000584s ]

[ 2018-06-24T14:52:07+08:00 ] 182.254.86.157 /index.php/wx?signature=e51ca8f5cb62935c0eec888dcaf55cb3f7345682&timestamp=1529823127&nonce=503457094&openid=o4g6-0VC0xbw5CnvWR2RGZtJg8ME
INFO: [ app_init ] --START--
INFO: Run Behavior\BuildLiteBehavior [ RunTime:0.000017s ]
INFO: [ app_init ] --END-- [ RunTime:0.000321s ]
INFO: [ app_begin ] --START--
INFO: Run Behavior\ReadHtmlCacheBehavior [ RunTime:0.000330s ]
INFO: [ app_begin ] --END-- [ RunTime:0.000369s ]

[ 2018-06-24T14:52:08+08:00 ] 182.254.86.157 /index.php/wx?signature=b50d299410f96c393614b796e7d4e327afa23a05&timestamp=1529823128&nonce=1824120067&openid=o4g6-0VC0xbw5CnvWR2RGZtJg8ME
INFO: [ app_init ] --START--
INFO: Run Behavior\BuildLiteBehavior [ RunTime:0.000022s ]
INFO: [ app_init ] --END-- [ RunTime:0.000431s ]
INFO: [ app_begin ] --START--
INFO: Run Behavior\ReadHtmlCacheBehavior [ RunTime:0.000511s ]
INFO: [ app_begin ] --END-- [ RunTime:0.000570s ]

[ 2018-06-24T14:52:16+08:00 ] 182.254.86.152 /index.php/wx?signature=d443cdab85a0647c0043c1d0e75c862b982cd26e&timestamp=1529823136&nonce=2033392084&openid=o4g6-0VC0xbw5CnvWR2RGZtJg8ME
INFO: [ app_init ] --START--
INFO: Run Behavior\BuildLiteBehavior [ RunTime:0.000012s ]
INFO: [ app_init ] --END-- [ RunTime:0.000292s ]
INFO: [ app_begin ] --START--
INFO: Run Behavior\ReadHtmlCacheBehavior [ RunTime:0.000396s ]
INFO: [ app_begin ] --END-- [ RunTime:0.000437s ]

[ 2018-06-24T14:52:43+08:00 ] 182.254.86.147 /index.php/wx?signature=453444a15a44f2d6e86022bb116e81f3623d5f1b&timestamp=1529823163&nonce=1765767497&openid=o4g6-0VC0xbw5CnvWR2RGZtJg8ME
INFO: [ app_init ] --START--
INFO: Run Behavior\BuildLiteBehavior [ RunTime:0.000013s ]
INFO: [ app_init ] --END-- [ RunTime:0.000263s ]
INFO: [ app_begin ] --START--
INFO: Run Behavior\ReadHtmlCacheBehavior [ RunTime:0.000349s ]
INFO: [ app_begin ] --END-- [ RunTime:0.000388s ]

[ 2018-06-24T14:52:45+08:00 ] 182.254.86.142 /index.php/wx?signature=10dcc25b1797a1f41e92eb2857143f15474e0c49&timestamp=1529823165&nonce=833792898&openid=o4g6-0VC0xbw5CnvWR2RGZtJg8ME
INFO: [ app_init ] --START--
INFO: Run Behavior\BuildLiteBehavior [ RunTime:0.000018s ]
INFO: [ app_init ] --END-- [ RunTime:0.000337s ]
INFO: [ app_begin ] --START--
INFO: Run Behavior\ReadHtmlCacheBehavior [ RunTime:0.000332s ]
INFO: [ app_begin ] --END-- [ RunTime:0.000370s ]

[ 2018-06-24T14:53:12+08:00 ] 182.254.86.157 /index.php/wx?signature=2c5bdae1710d3d1ec2a5a193f741cc82e70482ec&timestamp=1529823192&nonce=92599086&openid=o4g6-0VC0xbw5CnvWR2RGZtJg8ME
INFO: [ app_init ] --START--
INFO: Run Behavior\BuildLiteBehavior [ RunTime:0.000013s ]
INFO: [ app_init ] --END-- [ RunTime:0.000281s ]
INFO: [ app_begin ] --START--
INFO: Run Behavior\ReadHtmlCacheBehavior [ RunTime:0.000350s ]
INFO: [ app_begin ] --END-- [ RunTime:0.000394s ]
NOTIC: [8] Undefined index: echostr /home/wwwroot/wx/Application/Wx/Controller/IndexController.class.php 第 10 行.
INFO: [ app_end ] --START--
INFO: Run Behavior\ShowPageTraceBehavior [ RunTime:0.000389s ]
INFO: [ app_end ] --END-- [ RunTime:0.000427s ]

[ 2018-06-24T14:53:14+08:00 ] 182.254.86.157 /index.php/wx?signature=285b3e6255a2a160424f485caef312f7b0f13597&timestamp=1529823193&nonce=1542732924&openid=o4g6-0VC0xbw5CnvWR2RGZtJg8ME
INFO: [ app_init ] --START--
INFO: Run Behavior\BuildLiteBehavior [ RunTime:0.000013s ]
INFO: [ app_init ] --END-- [ RunTime:0.000269s ]
INFO: [ app_begin ] --START--
INFO: Run Behavior\ReadHtmlCacheBehavior [ RunTime:0.000314s ]
INFO: [ app_begin ] --END-- [ RunTime:0.000359s ]
NOTIC: [8] Undefined index: echostr /home/wwwroot/wx/Application/Wx/Controller/IndexController.class.php 第 10 行.
INFO: [ app_end ] --START--
INFO: Run Behavior\ShowPageTraceBehavior [ RunTime:0.000390s ]
INFO: [ app_end ] --END-- [ RunTime:0.000429s ]

[ 2018-06-24T14:53:14+08:00 ] 182.254.86.157 /index.php/wx?signature=e3d78ea098b07c61b49824c1b6679f70b64ff384&timestamp=1529823194&nonce=1147251706&openid=o4g6-0VC0xbw5CnvWR2RGZtJg8ME
INFO: [ app_init ] --START--
INFO: Run Behavior\BuildLiteBehavior [ RunTime:0.000012s ]
INFO: [ app_init ] --END-- [ RunTime:0.000253s ]
INFO: [ app_begin ] --START--
INFO: Run Behavior\ReadHtmlCacheBehavior [ RunTime:0.000341s ]
INFO: [ app_begin ] --END-- [ RunTime:0.000389s ]
NOTIC: [8] Undefined index: echostr /home/wwwroot/wx/Application/Wx/Controller/IndexController.class.php 第 10 行.
INFO: [ app_end ] --START--
INFO: Run Behavior\ShowPageTraceBehavior [ RunTime:0.000419s ]
INFO: [ app_end ] --END-- [ RunTime:0.000458s ]

[ 2018-06-24T14:54:03+08:00 ] 182.254.86.142 /index.php/wx?signature=36276bfc5295742f0a711b188fbffb10762e9353&timestamp=1529823243&nonce=1279864546&openid=o4g6-0VC0xbw5CnvWR2RGZtJg8ME
INFO: [ app_init ] --START--
INFO: Run Behavior\BuildLiteBehavior [ RunTime:0.000013s ]
INFO: [ app_init ] --END-- [ RunTime:0.000263s ]
INFO: [ app_begin ] --START--
INFO: Run Behavior\ReadHtmlCacheBehavior [ RunTime:0.000343s ]
INFO: [ app_begin ] --END-- [ RunTime:0.000381s ]
NOTIC: [8] Undefined index: echostr /home/wwwroot/wx/Application/Wx/Controller/IndexController.class.php 第 10 行.
INFO: [ app_end ] --START--
INFO: Run Behavior\ShowPageTraceBehavior [ RunTime:0.000362s ]
INFO: [ app_end ] --END-- [ RunTime:0.000400s ]

[ 2018-06-24T14:54:07+08:00 ] 182.254.86.157 /index.php/wx?signature=64729c8f7436f8d1edbcd4926dfc16d512eaa5b2&timestamp=1529823246&nonce=278911508&openid=o4g6-0VC0xbw5CnvWR2RGZtJg8ME
INFO: [ app_init ] --START--
INFO: Run Behavior\BuildLiteBehavior [ RunTime:0.000014s ]
INFO: [ app_init ] --END-- [ RunTime:0.000323s ]
INFO: [ app_begin ] --START--
INFO: Run Behavior\ReadHtmlCacheBehavior [ RunTime:0.000399s ]
INFO: [ app_begin ] --END-- [ RunTime:0.000438s ]
NOTIC: [8] Undefined index: echostr /home/wwwroot/wx/Application/Wx/Controller/IndexController.class.php 第 10 行.
NOTIC: [8] Undefined index: data /home/wwwroot/wx/Application/Wx/Controller/IndexController.class.php 第 117 行.
INFO: [ app_end ] --START--
INFO: Run Behavior\ShowPageTraceBehavior [ RunTime:0.000482s ]
INFO: [ app_end ] --END-- [ RunTime:0.000532s ]

[ 2018-06-24T14:54:16+08:00 ] 182.254.86.140 /index.php/wx?signature=d3fde8d81959e6c017c3031888d0b319f1e81804&timestamp=1529823255&nonce=559752438&openid=o4g6-0VC0xbw5CnvWR2RGZtJg8ME
INFO: [ app_init ] --START--
INFO: Run Behavior\BuildLiteBehavior [ RunTime:0.000013s ]
INFO: [ app_init ] --END-- [ RunTime:0.000288s ]
INFO: [ app_begin ] --START--
INFO: Run Behavior\ReadHtmlCacheBehavior [ RunTime:0.000368s ]
INFO: [ app_begin ] --END-- [ RunTime:0.000415s ]
NOTIC: [8] Undefined index: echostr /home/wwwroot/wx/Application/Wx/Controller/IndexController.class.php 第 10 行.
INFO: [ app_end ] --START--
INFO: Run Behavior\ShowPageTraceBehavior [ RunTime:0.000568s ]
INFO: [ app_end ] --END-- [ RunTime:0.000647s ]

[ 2018-06-24T14:54:52+08:00 ] 182.254.86.155 /index.php/wx?signature=3b2a9cf5882dd1d1b334ec317a47ebfbe96d6ea9&timestamp=1529823292&nonce=2108487925&openid=o4g6-0VC0xbw5CnvWR2RGZtJg8ME
INFO: [ app_init ] --START--
INFO: Run Behavior\BuildLiteBehavior [ RunTime:0.000013s ]
INFO: [ app_init ] --END-- [ RunTime:0.000312s ]
INFO: [ app_begin ] --START--
INFO: Run Behavior\ReadHtmlCacheBehavior [ RunTime:0.000369s ]
INFO: [ app_begin ] --END-- [ RunTime:0.000408s ]

[ 2018-06-24T14:55:25+08:00 ] 182.254.86.147 /index.php/wx?signature=1003b25c7fe1b5a7e760e3ff2449cd34fc91b4d2&timestamp=1529823325&nonce=709020973&openid=o4g6-0VC0xbw5CnvWR2RGZtJg8ME
INFO: [ app_init ] --START--
INFO: Run Behavior\BuildLiteBehavior [ RunTime:0.000017s ]
INFO: [ app_init ] --END-- [ RunTime:0.000283s ]
INFO: [ app_begin ] --START--
INFO: Run Behavior\ReadHtmlCacheBehavior [ RunTime:0.000348s ]
INFO: [ app_begin ] --END-- [ RunTime:0.000395s ]
NOTIC: [8] Undefined index: echostr /home/wwwroot/wx/Application/Wx/Controller/IndexController.class.php 第 10 行.
INFO: [ app_end ] --START--
INFO: Run Behavior\ShowPageTraceBehavior [ RunTime:0.000395s ]
INFO: [ app_end ] --END-- [ RunTime:0.000434s ]

[ 2018-06-24T14:55:27+08:00 ] 182.254.86.147 /index.php/wx?signature=4af80d53571b05617cd3f6bd85f1181e1e7f5822&timestamp=1529823327&nonce=1924735995&openid=o4g6-0VC0xbw5CnvWR2RGZtJg8ME
INFO: [ app_init ] --START--
INFO: Run Behavior\BuildLiteBehavior [ RunTime:0.000013s ]
INFO: [ app_init ] --END-- [ RunTime:0.000265s ]
INFO: [ app_begin ] --START--
INFO: Run Behavior\ReadHtmlCacheBehavior [ RunTime:0.000513s ]
INFO: [ app_begin ] --END-- [ RunTime:0.000567s ]
NOTIC: [8] Undefined index: echostr /home/wwwroot/wx/Application/Wx/Controller/IndexController.class.php 第 10 行.
INFO: [ app_end ] --START--
INFO: Run Behavior\ShowPageTraceBehavior [ RunTime:0.000408s ]
INFO: [ app_end ] --END-- [ RunTime:0.000447s ]

[ 2018-06-24T14:55:49+08:00 ] 112.253.25.52 /index.php/Wx/index/sendTemplateMsg
INFO: [ app_init ] --START--
INFO: Run Behavior\BuildLiteBehavior [ RunTime:0.000011s ]
INFO: [ app_init ] --END-- [ RunTime:0.000268s ]
INFO: [ app_begin ] --START--
INFO: Run Behavior\ReadHtmlCacheBehavior [ RunTime:0.000354s ]
INFO: [ app_begin ] --END-- [ RunTime:0.000391s ]
INFO: [ app_end ] --START--
INFO: Run Behavior\ShowPageTraceBehavior [ RunTime:0.000665s ]
INFO: [ app_end ] --END-- [ RunTime:0.000753s ]

[ 2018-06-24T14:55:58+08:00 ] 112.253.25.52 /index.php/Wx/index/sendTemplateMsg
INFO: [ app_init ] --START--
INFO: Run Behavior\BuildLiteBehavior [ RunTime:0.000012s ]
INFO: [ app_init ] --END-- [ RunTime:0.000258s ]
INFO: [ app_begin ] --START--
INFO: Run Behavior\ReadHtmlCacheBehavior [ RunTime:0.000334s ]
INFO: [ app_begin ] --END-- [ RunTime:0.000371s ]
INFO: [ app_end ] --START--
INFO: Run Behavior\ShowPageTraceBehavior [ RunTime:0.000522s ]
INFO: [ app_end ] --END-- [ RunTime:0.000594s ]

[ 2018-06-24T15:05:20+08:00 ] 112.253.25.52 /index.php/Wx/index/sendTemplateMsg
INFO: [ app_init ] --START--
INFO: Run Behavior\BuildLiteBehavior [ RunTime:0.000016s ]
INFO: [ app_init ] --END-- [ RunTime:0.000410s ]
INFO: [ app_begin ] --START--
INFO: Run Behavior\ReadHtmlCacheBehavior [ RunTime:0.000460s ]
INFO: [ app_begin ] --END-- [ RunTime:0.000503s ]
INFO: [ app_end ] --START--
INFO: Run Behavior\ShowPageTraceBehavior [ RunTime:0.000816s ]
INFO: [ app_end ] --END-- [ RunTime:0.000901s ]

[ 2018-06-24T15:05:21+08:00 ] 112.253.25.52 /index.php/Wx/index/sendTemplateMsg
INFO: [ app_init ] --START--
INFO: Run Behavior\BuildLiteBehavior [ RunTime:0.000012s ]
INFO: [ app_init ] --END-- [ RunTime:0.000259s ]
INFO: [ app_begin ] --START--
INFO: Run Behavior\ReadHtmlCacheBehavior [ RunTime:0.000336s ]
INFO: [ app_begin ] --END-- [ RunTime:0.000372s ]
INFO: [ app_end ] --START--
INFO: Run Behavior\ShowPageTraceBehavior [ RunTime:0.000508s ]
INFO: [ app_end ] --END-- [ RunTime:0.000573s ]

[ 2018-06-24T15:05:22+08:00 ] 112.253.25.52 /index.php/Wx/index/sendTemplateMsg
INFO: [ app_init ] --START--
INFO: Run Behavior\BuildLiteBehavior [ RunTime:0.000013s ]
INFO: [ app_init ] --END-- [ RunTime:0.000298s ]
INFO: [ app_begin ] --START--
INFO: Run Behavior\ReadHtmlCacheBehavior [ RunTime:0.000368s ]
INFO: [ app_begin ] --END-- [ RunTime:0.000405s ]
INFO: [ app_end ] --START--
INFO: Run Behavior\ShowPageTraceBehavior [ RunTime:0.000521s ]
INFO: [ app_end ] --END-- [ RunTime:0.000587s ]

[ 2018-06-24T15:05:23+08:00 ] 112.253.25.52 /index.php/Wx/index/sendTemplateMsg
INFO: [ app_init ] --START--
INFO: Run Behavior\BuildLiteBehavior [ RunTime:0.000014s ]
INFO: [ app_init ] --END-- [ RunTime:0.000292s ]
INFO: [ app_begin ] --START--
INFO: Run Behavior\ReadHtmlCacheBehavior [ RunTime:0.000417s ]
INFO: [ app_begin ] --END-- [ RunTime:0.000461s ]
INFO: [ app_end ] --START--
INFO: Run Behavior\ShowPageTraceBehavior [ RunTime:0.000735s ]
INFO: [ app_end ] --END-- [ RunTime:0.000820s ]

[ 2018-06-24T15:05:24+08:00 ] 112.253.25.52 /index.php/Wx/index/sendTemplateMsg
INFO: [ app_init ] --START--
INFO: Run Behavior\BuildLiteBehavior [ RunTime:0.000016s ]
INFO: [ app_init ] --END-- [ RunTime:0.000285s ]
INFO: [ app_begin ] --START--
INFO: Run Behavior\ReadHtmlCacheBehavior [ RunTime:0.000401s ]
INFO: [ app_begin ] --END-- [ RunTime:0.000440s ]
INFO: [ app_end ] --START--
INFO: Run Behavior\ShowPageTraceBehavior [ RunTime:0.000538s ]
INFO: [ app_end ] --END-- [ RunTime:0.000604s ]

[ 2018-06-24T15:05:24+08:00 ] 112.253.25.52 /index.php/Wx/index/sendTemplateMsg
INFO: [ app_init ] --START--
INFO: Run Behavior\BuildLiteBehavior [ RunTime:0.000013s ]
INFO: [ app_init ] --END-- [ RunTime:0.000345s ]
INFO: [ app_begin ] --START--
INFO: Run Behavior\ReadHtmlCacheBehavior [ RunTime:0.000332s ]
INFO: [ app_begin ] --END-- [ RunTime:0.000369s ]
INFO: [ app_end ] --START--
INFO: Run Behavior\ShowPageTraceBehavior [ RunTime:0.000533s ]
INFO: [ app_end ] --END-- [ RunTime:0.000599s ]

[ 2018-06-24T15:05:25+08:00 ] 112.253.25.52 /index.php/Wx/index/sendTemplateMsg
INFO: [ app_init ] --START--
INFO: Run Behavior\BuildLiteBehavior [ RunTime:0.000012s ]
INFO: [ app_init ] --END-- [ RunTime:0.000257s ]
INFO: [ app_begin ] --START--
INFO: Run Behavior\ReadHtmlCacheBehavior [ RunTime:0.000354s ]
INFO: [ app_begin ] --END-- [ RunTime:0.000392s ]
INFO: [ app_end ] --START--
INFO: Run Behavior\ShowPageTraceBehavior [ RunTime:0.000562s ]
INFO: [ app_end ] --END-- [ RunTime:0.000635s ]

[ 2018-06-24T15:09:56+08:00 ] 106.120.160.114 /index.php/Wx/index/sendTemplateMsg
INFO: [ app_init ] --START--
INFO: Run Behavior\BuildLiteBehavior [ RunTime:0.000026s ]
INFO: [ app_init ] --END-- [ RunTime:0.000321s ]
INFO: [ app_begin ] --START--
INFO: Run Behavior\ReadHtmlCacheBehavior [ RunTime:0.000404s ]
INFO: [ app_begin ] --END-- [ RunTime:0.000448s ]
NOTIC: [8] Undefined index: access_token /home/wwwroot/wx/Application/Wx/Controller/IndexController.class.php 第 126 行.
INFO: [ app_end ] --START--
INFO: Run Behavior\ShowPageTraceBehavior [ RunTime:0.000526s ]
INFO: [ app_end ] --END-- [ RunTime:0.000610s ]

[ 2018-06-24T15:10:20+08:00 ] 101.199.112.49 /index.php/Wx/index/sendTemplateMsg
INFO: [ app_init ] --START--
INFO: Run Behavior\BuildLiteBehavior [ RunTime:0.000013s ]
INFO: [ app_init ] --END-- [ RunTime:0.000257s ]
INFO: [ app_begin ] --START--
INFO: Run Behavior\ReadHtmlCacheBehavior [ RunTime:0.000342s ]
INFO: [ app_begin ] --END-- [ RunTime:0.000380s ]
NOTIC: [8] Undefined index: access_token /home/wwwroot/wx/Application/Wx/Controller/IndexController.class.php 第 126 行.
INFO: [ app_end ] --START--
INFO: Run Behavior\ShowPageTraceBehavior [ RunTime:0.000516s ]
INFO: [ app_end ] --END-- [ RunTime:0.000582s ]

[ 2018-06-24T15:42:37+08:00 ] 182.254.86.153 /index.php/wx?signature=9d3690f5c4e1a8a476890a1ff9a7e90de7d0bc5b&timestamp=1529826157&nonce=1323534859&openid=o4g6-0VC0xbw5CnvWR2RGZtJg8ME
INFO: [ app_init ] --START--
INFO: Run Behavior\BuildLiteBehavior [ RunTime:0.000012s ]
INFO: [ app_init ] --END-- [ RunTime:0.000281s ]
INFO: [ app_begin ] --START--
INFO: Run Behavior\ReadHtmlCacheBehavior [ RunTime:0.000310s ]
INFO: [ app_begin ] --END-- [ RunTime:0.000347s ]
NOTIC: [8] Undefined index: echostr /home/wwwroot/wx/Application/Wx/Controller/IndexController.class.php 第 10 行.
INFO: [ app_end ] --START--
INFO: Run Behavior\ShowPageTraceBehavior [ RunTime:0.000362s ]
INFO: [ app_end ] --END-- [ RunTime:0.000399s ]

[ 2018-06-24T15:42:39+08:00 ] 182.254.86.157 /index.php/wx?signature=d801d0393c9f48f051819a7075b94549586e2790&timestamp=1529826159&nonce=1836450288&openid=o4g6-0VC0xbw5CnvWR2RGZtJg8ME
INFO: [ app_init ] --START--
INFO: Run Behavior\BuildLiteBehavior [ RunTime:0.000014s ]
INFO: [ app_init ] --END-- [ RunTime:0.000321s ]
INFO: [ app_begin ] --START--
INFO: Run Behavior\ReadHtmlCacheBehavior [ RunTime:0.000397s ]
INFO: [ app_begin ] --END-- [ RunTime:0.000443s ]
NOTIC: [8] Undefined index: echostr /home/wwwroot/wx/Application/Wx/Controller/IndexController.class.php 第 10 行.
INFO: [ app_end ] --START--
INFO: Run Behavior\ShowPageTraceBehavior [ RunTime:0.000394s ]
INFO: [ app_end ] --END-- [ RunTime:0.000433s ]

[ 2018-06-24T15:42:44+08:00 ] 182.254.86.142 /index.php/wx?signature=d0106855f75f2c33708af63e73b2326b95c85406&timestamp=1529826164&nonce=1582654725&openid=o4g6-0VC0xbw5CnvWR2RGZtJg8ME
INFO: [ app_init ] --START--
INFO: Run Behavior\BuildLiteBehavior [ RunTime:0.000012s ]
INFO: [ app_init ] --END-- [ RunTime:0.000252s ]
INFO: [ app_begin ] --START--
INFO: Run Behavior\ReadHtmlCacheBehavior [ RunTime:0.000312s ]
INFO: [ app_begin ] --END-- [ RunTime:0.000349s ]
NOTIC: [8] Undefined index: echostr /home/wwwroot/wx/Application/Wx/Controller/IndexController.class.php 第 10 行.
INFO: [ app_end ] --START--
INFO: Run Behavior\ShowPageTraceBehavior [ RunTime:0.000565s ]
INFO: [ app_end ] --END-- [ RunTime:0.000637s ]

[ 2018-06-24T15:42:50+08:00 ] 182.254.86.157 /index.php/wx?signature=1b606e0b6e0ef745a6b16359d1ee9a8f96c34d73&timestamp=1529826170&nonce=255957994&openid=o4g6-0VC0xbw5CnvWR2RGZtJg8ME
INFO: [ app_init ] --START--
INFO: Run Behavior\BuildLiteBehavior [ RunTime:0.000013s ]
INFO: [ app_init ] --END-- [ RunTime:0.000343s ]
INFO: [ app_begin ] --START--
INFO: Run Behavior\ReadHtmlCacheBehavior [ RunTime:0.000321s ]
INFO: [ app_begin ] --END-- [ RunTime:0.000359s ]
NOTIC: [8] Undefined index: echostr /home/wwwroot/wx/Application/Wx/Controller/IndexController.class.php 第 10 行.
INFO: [ app_end ] --START--
INFO: Run Behavior\ShowPageTraceBehavior [ RunTime:0.000496s ]
INFO: [ app_end ] --END-- [ RunTime:0.000565s ]

[ 2018-06-24T15:42:56+08:00 ] 182.254.86.147 /index.php/wx?signature=40545810c842533f343929ac9954f4b01f867ad7&timestamp=1529826176&nonce=806183113&openid=o4g6-0VC0xbw5CnvWR2RGZtJg8ME
INFO: [ app_init ] --START--
INFO: Run Behavior\BuildLiteBehavior [ RunTime:0.000012s ]
INFO: [ app_init ] --END-- [ RunTime:0.000257s ]
INFO: [ app_begin ] --START--
INFO: Run Behavior\ReadHtmlCacheBehavior [ RunTime:0.000338s ]
INFO: [ app_begin ] --END-- [ RunTime:0.000375s ]
NOTIC: [8] Undefined index: echostr /home/wwwroot/wx/Application/Wx/Controller/IndexController.class.php 第 10 行.
INFO: [ app_end ] --START--
INFO: Run Behavior\ShowPageTraceBehavior [ RunTime:0.000494s ]
INFO: [ app_end ] --END-- [ RunTime:0.000556s ]

[ 2018-06-24T16:49:24+08:00 ] 182.254.86.152 /index.php/wx?signature=9c1909301f2ef81c8a0ad57efee28046f3a604d7&timestamp=1529830163&nonce=228807649&openid=o4g6-0VC0xbw5CnvWR2RGZtJg8ME
INFO: [ app_init ] --START--
INFO: Run Behavior\BuildLiteBehavior [ RunTime:0.000014s ]
INFO: [ app_init ] --END-- [ RunTime:0.000293s ]
INFO: [ app_begin ] --START--
INFO: Run Behavior\ReadHtmlCacheBehavior [ RunTime:0.000325s ]
INFO: [ app_begin ] --END-- [ RunTime:0.000369s ]
NOTIC: [8] Undefined index: echostr /home/wwwroot/wx/Application/Wx/Controller/IndexController.class.php 第 10 行.
INFO: [ app_end ] --START--
INFO: Run Behavior\ShowPageTraceBehavior [ RunTime:0.000824s ]
INFO: [ app_end ] --END-- [ RunTime:0.000916s ]

[ 2018-06-24T16:49:46+08:00 ] 112.253.25.52 /index.php/Wx/index/sendMsgAll
INFO: [ app_init ] --START--
INFO: Run Behavior\BuildLiteBehavior [ RunTime:0.000012s ]
INFO: [ app_init ] --END-- [ RunTime:0.000303s ]
INFO: [ app_begin ] --START--
INFO: Run Behavior\ReadHtmlCacheBehavior [ RunTime:0.000343s ]
INFO: [ app_begin ] --END-- [ RunTime:0.000381s ]
INFO: [ app_end ] --START--
INFO: Run Behavior\ShowPageTraceBehavior [ RunTime:0.000861s ]
INFO: [ app_end ] --END-- [ RunTime:0.000951s ]

[ 2018-06-24T16:49:56+08:00 ] 112.253.25.52 /index.php/Wx/index/sendMsgAll
INFO: [ app_init ] --START--
INFO: Run Behavior\BuildLiteBehavior [ RunTime:0.000012s ]
INFO: [ app_init ] --END-- [ RunTime:0.000278s ]
INFO: [ app_begin ] --START--
INFO: Run Behavior\ReadHtmlCacheBehavior [ RunTime:0.000346s ]
INFO: [ app_begin ] --END-- [ RunTime:0.000385s ]
INFO: [ app_end ] --START--
INFO: Run Behavior\ShowPageTraceBehavior [ RunTime:0.000479s ]
INFO: [ app_end ] --END-- [ RunTime:0.000551s ]

[ 2018-06-24T16:49:58+08:00 ] 112.253.25.52 /index.php/Wx/index/sendMsgAll
INFO: [ app_init ] --START--
INFO: Run Behavior\BuildLiteBehavior [ RunTime:0.000014s ]
INFO: [ app_init ] --END-- [ RunTime:0.000261s ]
INFO: [ app_begin ] --START--
INFO: Run Behavior\ReadHtmlCacheBehavior [ RunTime:0.000322s ]
INFO: [ app_begin ] --END-- [ RunTime:0.000360s ]
INFO: [ app_end ] --START--
INFO: Run Behavior\ShowPageTraceBehavior [ RunTime:0.000573s ]
INFO: [ app_end ] --END-- [ RunTime:0.000649s ]

