[ 2018-06-21T16:00:30+08:00 ] 182.254.86.152 /index.php/wx?signature=fec22b634dad59a3251a9bc8d159749b41c852c2&timestamp=1529568030&nonce=167141299&openid=o4g6-0VC0xbw5CnvWR2RGZtJg8ME
INFO: [ app_init ] --START--
INFO: Run Behavior\BuildLiteBehavior [ RunTime:0.000016s ]
INFO: [ app_init ] --END-- [ RunTime:0.000616s ]
INFO: [ app_begin ] --START--
INFO: Run Behavior\ReadHtmlCacheBehavior [ RunTime:0.000678s ]
INFO: [ app_begin ] --END-- [ RunTime:0.000725s ]

[ 2018-06-21T16:01:07+08:00 ] 182.254.86.155 /index.php/wx?signature=64c298da9fd0d55b8ba9a6ad385fc0fabcb40577&timestamp=1529568067&nonce=1730843211&openid=o4g6-0VC0xbw5CnvWR2RGZtJg8ME
INFO: [ app_init ] --START--
INFO: Run Behavior\BuildLiteBehavior [ RunTime:0.000015s ]
INFO: [ app_init ] --END-- [ RunTime:0.000342s ]
INFO: [ app_begin ] --START--
INFO: Run Behavior\ReadHtmlCacheBehavior [ RunTime:0.000410s ]
INFO: [ app_begin ] --END-- [ RunTime:0.000449s ]

[ 2018-06-21T16:02:17+08:00 ] 182.254.86.143 /index.php/wx?signature=4517647634b612f22b1e4e400470e60d5776effb&timestamp=1529568137&nonce=1072587343&openid=o4g6-0VC0xbw5CnvWR2RGZtJg8ME
INFO: [ app_init ] --START--
INFO: Run Behavior\BuildLiteBehavior [ RunTime:0.000013s ]
INFO: [ app_init ] --END-- [ RunTime:0.000332s ]
INFO: [ app_begin ] --START--
INFO: Run Behavior\ReadHtmlCacheBehavior [ RunTime:0.000512s ]
INFO: [ app_begin ] --END-- [ RunTime:0.000562s ]

[ 2018-06-21T16:02:19+08:00 ] 182.254.86.157 /index.php/wx?signature=74452fa3c8ef95f212c65692559dab64d583b67d&timestamp=1529568139&nonce=563136003&openid=o4g6-0VC0xbw5CnvWR2RGZtJg8ME
INFO: [ app_init ] --START--
INFO: Run Behavior\BuildLiteBehavior [ RunTime:0.000015s ]
INFO: [ app_init ] --END-- [ RunTime:0.000281s ]
INFO: [ app_begin ] --START--
INFO: Run Behavior\ReadHtmlCacheBehavior [ RunTime:0.000376s ]
INFO: [ app_begin ] --END-- [ RunTime:0.000415s ]

[ 2018-06-21T16:04:27+08:00 ] 182.254.86.157 /index.php/wx?signature=98418ee569a59e030fbbd83aa6209c2f815c1a95&timestamp=1529568267&nonce=968308426&openid=o4g6-0VC0xbw5CnvWR2RGZtJg8ME
INFO: [ app_init ] --START--
INFO: Run Behavior\BuildLiteBehavior [ RunTime:0.000020s ]
INFO: [ app_init ] --END-- [ RunTime:0.000401s ]
INFO: [ app_begin ] --START--
INFO: Run Behavior\ReadHtmlCacheBehavior [ RunTime:0.000536s ]
INFO: [ app_begin ] --END-- [ RunTime:0.000593s ]
NOTIC: [8] Undefined index: echostr /home/wwwroot/wx/Application/Wx/Controller/IndexController.class.php 第 10 行.
INFO: [ app_end ] --START--
INFO: Run Behavior\ShowPageTraceBehavior [ RunTime:0.001684s ]
INFO: [ app_end ] --END-- [ RunTime:0.001755s ]

[ 2018-06-21T16:05:09+08:00 ] 182.254.86.147 /index.php/wx?signature=9705ab943e2ecd534c7e916cddfce281e11058e9&timestamp=1529568309&nonce=2028184618&openid=o4g6-0VC0xbw5CnvWR2RGZtJg8ME
INFO: [ app_init ] --START--
INFO: Run Behavior\BuildLiteBehavior [ RunTime:0.000012s ]
INFO: [ app_init ] --END-- [ RunTime:0.000260s ]
INFO: [ app_begin ] --START--
INFO: Run Behavior\ReadHtmlCacheBehavior [ RunTime:0.000335s ]
INFO: [ app_begin ] --END-- [ RunTime:0.000423s ]
NOTIC: [8] Undefined index: echostr /home/wwwroot/wx/Application/Wx/Controller/IndexController.class.php 第 10 行.

[ 2018-06-21T16:05:42+08:00 ] 182.254.86.142 /index.php/wx?signature=284d053c46d5dc3f642869d49183b5dbc43ed7fa&timestamp=1529568342&nonce=1251504618&openid=o4g6-0VC0xbw5CnvWR2RGZtJg8ME
INFO: [ app_init ] --START--
INFO: Run Behavior\BuildLiteBehavior [ RunTime:0.000014s ]
INFO: [ app_init ] --END-- [ RunTime:0.000363s ]
INFO: [ app_begin ] --START--
INFO: Run Behavior\ReadHtmlCacheBehavior [ RunTime:0.000334s ]
INFO: [ app_begin ] --END-- [ RunTime:0.000374s ]
NOTIC: [8] Undefined index: echostr /home/wwwroot/wx/Application/Wx/Controller/IndexController.class.php 第 10 行.

[ 2018-06-21T16:05:45+08:00 ] 182.254.86.152 /index.php/wx?signature=dc805c84ae3d3e78a577c0d62f8a07727874468f&timestamp=1529568345&nonce=428913430&openid=o4g6-0VC0xbw5CnvWR2RGZtJg8ME
INFO: [ app_init ] --START--
INFO: Run Behavior\BuildLiteBehavior [ RunTime:0.000016s ]
INFO: [ app_init ] --END-- [ RunTime:0.000288s ]
INFO: [ app_begin ] --START--
INFO: Run Behavior\ReadHtmlCacheBehavior [ RunTime:0.000327s ]
INFO: [ app_begin ] --END-- [ RunTime:0.000365s ]
NOTIC: [8] Undefined index: echostr /home/wwwroot/wx/Application/Wx/Controller/IndexController.class.php 第 10 行.

[ 2018-06-21T16:26:41+08:00 ] 182.254.86.156 /index.php/wx?signature=4be53cdf819ca30758fde092f84c5785fa91da38&timestamp=1529569600&nonce=1200732364&openid=o4g6-0VC0xbw5CnvWR2RGZtJg8ME
INFO: [ app_init ] --START--
INFO: Run Behavior\BuildLiteBehavior [ RunTime:0.000015s ]
INFO: [ app_init ] --END-- [ RunTime:0.000266s ]
INFO: [ app_begin ] --START--
INFO: Run Behavior\ReadHtmlCacheBehavior [ RunTime:0.000332s ]
INFO: [ app_begin ] --END-- [ RunTime:0.000371s ]
NOTIC: [8] Undefined index: echostr /home/wwwroot/wx/Application/Wx/Controller/IndexController.class.php 第 10 行.
INFO: [ app_end ] --START--
INFO: Run Behavior\ShowPageTraceBehavior [ RunTime:0.000559s ]
INFO: [ app_end ] --END-- [ RunTime:0.000630s ]

[ 2018-06-21T16:26:44+08:00 ] 182.254.86.147 /index.php/wx?signature=97d9208855c83567f2733d9530618ecfe48c0266&timestamp=1529569604&nonce=1601574567&openid=o4g6-0VC0xbw5CnvWR2RGZtJg8ME
INFO: [ app_init ] --START--
INFO: Run Behavior\BuildLiteBehavior [ RunTime:0.000013s ]
INFO: [ app_init ] --END-- [ RunTime:0.000266s ]
INFO: [ app_begin ] --START--
INFO: Run Behavior\ReadHtmlCacheBehavior [ RunTime:0.000335s ]
INFO: [ app_begin ] --END-- [ RunTime:0.000374s ]
NOTIC: [8] Undefined index: echostr /home/wwwroot/wx/Application/Wx/Controller/IndexController.class.php 第 10 行.
INFO: [ app_end ] --START--
INFO: Run Behavior\ShowPageTraceBehavior [ RunTime:0.000507s ]
INFO: [ app_end ] --END-- [ RunTime:0.000578s ]

[ 2018-06-21T16:26:49+08:00 ] 182.254.86.152 /index.php/wx?signature=72a4b1b4a84138e6b2bc2244ba1f132bf9083d7d&timestamp=1529569608&nonce=2041453486&openid=o4g6-0VC0xbw5CnvWR2RGZtJg8ME
INFO: [ app_init ] --START--
INFO: Run Behavior\BuildLiteBehavior [ RunTime:0.000012s ]
INFO: [ app_init ] --END-- [ RunTime:0.000282s ]
INFO: [ app_begin ] --START--
INFO: Run Behavior\ReadHtmlCacheBehavior [ RunTime:0.000408s ]
INFO: [ app_begin ] --END-- [ RunTime:0.000454s ]
NOTIC: [8] Undefined index: echostr /home/wwwroot/wx/Application/Wx/Controller/IndexController.class.php 第 10 行.
INFO: [ app_end ] --START--
INFO: Run Behavior\ShowPageTraceBehavior [ RunTime:0.000654s ]
INFO: [ app_end ] --END-- [ RunTime:0.000729s ]

[ 2018-06-21T16:26:53+08:00 ] 182.254.86.147 /index.php/wx?signature=e5616d75354cb367beb05975a573b634036490d6&timestamp=1529569612&nonce=1590420282&openid=o4g6-0VC0xbw5CnvWR2RGZtJg8ME
INFO: [ app_init ] --START--
INFO: Run Behavior\BuildLiteBehavior [ RunTime:0.000011s ]
INFO: [ app_init ] --END-- [ RunTime:0.000250s ]
INFO: [ app_begin ] --START--
INFO: Run Behavior\ReadHtmlCacheBehavior [ RunTime:0.000324s ]
INFO: [ app_begin ] --END-- [ RunTime:0.000364s ]
NOTIC: [8] Undefined index: echostr /home/wwwroot/wx/Application/Wx/Controller/IndexController.class.php 第 10 行.
INFO: [ app_end ] --START--
INFO: Run Behavior\ShowPageTraceBehavior [ RunTime:0.000500s ]
INFO: [ app_end ] --END-- [ RunTime:0.000567s ]

[ 2018-06-21T16:26:56+08:00 ] 182.254.86.152 /index.php/wx?signature=46aed383d905e8f4ed832f8bb2b32533aa638ca0&timestamp=1529569616&nonce=918076853&openid=o4g6-0VC0xbw5CnvWR2RGZtJg8ME
INFO: [ app_init ] --START--
INFO: Run Behavior\BuildLiteBehavior [ RunTime:0.000012s ]
INFO: [ app_init ] --END-- [ RunTime:0.000265s ]
INFO: [ app_begin ] --START--
INFO: Run Behavior\ReadHtmlCacheBehavior [ RunTime:0.000322s ]
INFO: [ app_begin ] --END-- [ RunTime:0.000359s ]
NOTIC: [8] Undefined index: echostr /home/wwwroot/wx/Application/Wx/Controller/IndexController.class.php 第 10 行.
NOTIC: [8] Undefined index: data /home/wwwroot/wx/Application/Wx/Controller/IndexController.class.php 第 64 行.
INFO: [ app_end ] --START--
INFO: Run Behavior\ShowPageTraceBehavior [ RunTime:0.000735s ]
INFO: [ app_end ] --END-- [ RunTime:0.000811s ]

[ 2018-06-21T17:04:40+08:00 ] 182.254.86.152 /index.php/wx?signature=277e02507afe9eb314f8a17a4784188d8b1de528&timestamp=1529571880&nonce=212477288&openid=o4g6-0VC0xbw5CnvWR2RGZtJg8ME
INFO: [ app_init ] --START--
INFO: Run Behavior\BuildLiteBehavior [ RunTime:0.000012s ]
INFO: [ app_init ] --END-- [ RunTime:0.000380s ]
INFO: [ app_begin ] --START--
INFO: Run Behavior\ReadHtmlCacheBehavior [ RunTime:0.000345s ]
INFO: [ app_begin ] --END-- [ RunTime:0.000401s ]
NOTIC: [8] Undefined index: echostr /home/wwwroot/wx/Application/Wx/Controller/IndexController.class.php 第 10 行.
INFO: [ app_end ] --START--
INFO: Run Behavior\ShowPageTraceBehavior [ RunTime:0.000604s ]
INFO: [ app_end ] --END-- [ RunTime:0.000680s ]

[ 2018-06-21T17:04:52+08:00 ] 182.254.86.157 /index.php/wx?signature=1bf857f82be136ca3cba05df00418f6fd620dfbf&timestamp=1529571891&nonce=2111080030&openid=o4g6-0VC0xbw5CnvWR2RGZtJg8ME
INFO: [ app_init ] --START--
INFO: Run Behavior\BuildLiteBehavior [ RunTime:0.000015s ]
INFO: [ app_init ] --END-- [ RunTime:0.000300s ]
INFO: [ app_begin ] --START--
INFO: Run Behavior\ReadHtmlCacheBehavior [ RunTime:0.000383s ]
INFO: [ app_begin ] --END-- [ RunTime:0.000498s ]
NOTIC: [8] Undefined index: echostr /home/wwwroot/wx/Application/Wx/Controller/IndexController.class.php 第 10 行.
INFO: [ app_end ] --START--
INFO: Run Behavior\ShowPageTraceBehavior [ RunTime:0.000547s ]
INFO: [ app_end ] --END-- [ RunTime:0.000634s ]

[ 2018-06-21T17:05:05+08:00 ] 182.254.86.157 /index.php/wx?signature=df073c910c40334954b3a63b6e74da4356c31d48&timestamp=1529571905&nonce=1587553159&openid=o4g6-0VC0xbw5CnvWR2RGZtJg8ME
INFO: [ app_init ] --START--
INFO: Run Behavior\BuildLiteBehavior [ RunTime:0.000012s ]
INFO: [ app_init ] --END-- [ RunTime:0.000276s ]
INFO: [ app_begin ] --START--
INFO: Run Behavior\ReadHtmlCacheBehavior [ RunTime:0.000326s ]
INFO: [ app_begin ] --END-- [ RunTime:0.000364s ]
NOTIC: [8] Undefined index: echostr /home/wwwroot/wx/Application/Wx/Controller/IndexController.class.php 第 10 行.
INFO: [ app_end ] --START--
INFO: Run Behavior\ShowPageTraceBehavior [ RunTime:0.000516s ]
INFO: [ app_end ] --END-- [ RunTime:0.000581s ]

[ 2018-06-21T17:05:08+08:00 ] 182.254.86.157 /index.php/wx?signature=738416639b71d1d926aa93a4ba84f96a8dba2134&timestamp=1529571908&nonce=173430127&openid=o4g6-0VC0xbw5CnvWR2RGZtJg8ME
INFO: [ app_init ] --START--
INFO: Run Behavior\BuildLiteBehavior [ RunTime:0.000019s ]
INFO: [ app_init ] --END-- [ RunTime:0.000426s ]
INFO: [ app_begin ] --START--
INFO: Run Behavior\ReadHtmlCacheBehavior [ RunTime:0.000606s ]
INFO: [ app_begin ] --END-- [ RunTime:0.000666s ]
NOTIC: [8] Undefined index: echostr /home/wwwroot/wx/Application/Wx/Controller/IndexController.class.php 第 10 行.
NOTIC: [8] Undefined index: data /home/wwwroot/wx/Application/Wx/Controller/IndexController.class.php 第 64 行.
INFO: [ app_end ] --START--
INFO: Run Behavior\ShowPageTraceBehavior [ RunTime:0.000767s ]
INFO: [ app_end ] --END-- [ RunTime:0.000840s ]

